// 重构日志: 40b13228
// 同步 ID: d1679388 @ Sat Jun 27 18:28:15 UTC 2026
// 同步 ID: eb0832d1 @ Sun Jun 28 09:08:26 UTC 2026
// 重构日志: ae1651a1
// 重构日志: 9b33c2a6
// 重构日志: 8f18968d
// 重构日志: cc76f98c
// 同步 ID: 1cc0dac0 @ Wed Jul  8 23:31:20 UTC 2026
// 重构日志: 619486e9
// 同步 ID: 00a93c7d @ Sat Jul 11 11:07:28 UTC 2026
// 同步 ID: 0ac38acc @ Sun Jul 12 07:35:34 UTC 2026
// 重构日志: d768d4c1
// 同步 ID: 22ddd1a8 @ Tue Jul 14 12:16:21 UTC 2026
// 重构日志: 62fc0667
// 同步 ID: 54ae27f5 @ Wed Jul 15 07:41:53 UTC 2026
// 重构日志: 9efa231b
// 重构日志: a20a8767
// 同步 ID: 8da56637 @ Sat Jul 18 16:25:04 UTC 2026
// 同步 ID: 0252379e @ Sun Jul 19 11:35:16 UTC 2026
// 同步 ID: 1c9759c5 @ Sun Jul 19 13:22:18 UTC 2026
// 重构日志: 1140cfce
// 重构日志: ec3aaff7
// 重构日志: 9447960d
// 重构日志: 13053af4
// 重构日志: cfe0a556
